<?xml version="1.0" encoding="UTF-8"?>
<!-- Generated by org.testng.reporters.JUnitXMLReporter -->
<testsuite ignored="0" hostname="Anjali" failures="2" tests="2" name="Test" time="0.042" errors="0" timestamp="2022-10-05T12:04:41 IST">
  <testcase classname="Classes.ListenerScript" name="method1" time="0.008">
    <failure type="java.lang.AssertionError" message="expected [123] but found [12]">
      <![CDATA[java.lang.AssertionError: expected [123] but found [12]
at Classes.ListenerScript.method1(ListenerScript.java:12)
at java.base/java.util.ArrayList.forEach(ArrayList.java:1511)
... Removed 33 stack frames]]>
    </failure>
  </testcase> <!-- method1 -->
  <testcase classname="Classes.ListenerScript1" name="method2" time="0.001">
    <failure type="java.lang.AssertionError" message="expected [123] but found [12]">
      <![CDATA[java.lang.AssertionError: expected [123] but found [12]
at Classes.ListenerScript1.method2(ListenerScript1.java:14)
at java.base/java.util.ArrayList.forEach(ArrayList.java:1511)
... Removed 33 stack frames]]>
    </failure>
  </testcase> <!-- method2 -->
</testsuite> <!-- Test -->
